0 info it worked if it ends with ok
1 verbose cli [ '/Users/stuart/.nvm/versions/node/v5.3.0/bin/node',
1 verbose cli   '/Users/stuart/.nvm/versions/node/v5.3.0/bin/npm',
1 verbose cli   'run',
1 verbose cli   'example-01' ]
2 info using npm@3.10.8
3 info using node@v5.3.0
4 verbose run-script [ 'preexample-01', 'example-01', 'postexample-01' ]
5 info lifecycle javascript-async-await@1.0.0~preexample-01: javascript-async-await@1.0.0
6 silly lifecycle javascript-async-await@1.0.0~preexample-01: no script for preexample-01, continuing
7 info lifecycle javascript-async-await@1.0.0~example-01: javascript-async-await@1.0.0
8 verbose lifecycle javascript-async-await@1.0.0~example-01: unsafe-perm in lifecycle true
9 verbose lifecycle javascript-async-await@1.0.0~example-01: PATH: /Users/stuart/.nvm/versions/node/v5.3.0/lib/node_modules/npm/bin/node-gyp-bin:/work/javascript/javascript-async-await/node_modules/.bin:/Users/stuart/bin:/Library/Frameworks/Python.framework/Versions/3.5/bin:/Users/stuart/.nvm/versions/node/v5.3.0/bin:/Users/stuart/.rvm/gems/ruby-2.1.0/bin:/Users/stuart/.rvm/gems/ruby-2.1.0@global/bin:/Users/stuart/.rvm/rubies/ruby-2.1.0/bin:~/bin:/usr/local/bin:/usr/bin:/bin:/usr/sbin:/sbin:/opt/X11/bin:/usr/local/share/dotnet/bin:/usr/local/go/bin:/Users/stuart/.rvm/bin
10 verbose lifecycle javascript-async-await@1.0.0~example-01: CWD: /work/javascript/javascript-async-await
11 silly lifecycle javascript-async-await@1.0.0~example-01: Args: [ '-c', 'node src/01-example-async-await.js' ]
12 silly lifecycle javascript-async-await@1.0.0~example-01: Returned: code: 1  signal: null
13 info lifecycle javascript-async-await@1.0.0~example-01: Failed to exec example-01 script
14 verbose stack Error: javascript-async-await@1.0.0 example-01: `node src/01-example-async-await.js`
14 verbose stack Exit status 1
14 verbose stack     at EventEmitter.<anonymous> (/Users/stuart/.nvm/versions/node/v5.3.0/lib/node_modules/npm/lib/utils/lifecycle.js:255:16)
14 verbose stack     at emitTwo (events.js:87:13)
14 verbose stack     at EventEmitter.emit (events.js:172:7)
14 verbose stack     at ChildProcess.<anonymous> (/Users/stuart/.nvm/versions/node/v5.3.0/lib/node_modules/npm/lib/utils/spawn.js:40:14)
14 verbose stack     at emitTwo (events.js:87:13)
14 verbose stack     at ChildProcess.emit (events.js:172:7)
14 verbose stack     at maybeClose (internal/child_process.js:818:16)
14 verbose stack     at Process.ChildProcess._handle.onexit (internal/child_process.js:211:5)
15 verbose pkgid javascript-async-await@1.0.0
16 verbose cwd /work/javascript/javascript-async-await
17 error Darwin 15.6.0
18 error argv "/Users/stuart/.nvm/versions/node/v5.3.0/bin/node" "/Users/stuart/.nvm/versions/node/v5.3.0/bin/npm" "run" "example-01"
19 error node v5.3.0
20 error npm  v3.10.8
21 error code ELIFECYCLE
22 error javascript-async-await@1.0.0 example-01: `node src/01-example-async-await.js`
22 error Exit status 1
23 error Failed at the javascript-async-await@1.0.0 example-01 script 'node src/01-example-async-await.js'.
23 error Make sure you have the latest version of node.js and npm installed.
23 error If you do, this is most likely a problem with the javascript-async-await package,
23 error not with npm itself.
23 error Tell the author that this fails on your system:
23 error     node src/01-example-async-await.js
23 error You can get information on how to open an issue for this project with:
23 error     npm bugs javascript-async-await
23 error Or if that isn't available, you can get their info via:
23 error     npm owner ls javascript-async-await
23 error There is likely additional logging output above.
24 verbose exit [ 1, true ]
